\BOOKMARK [1][-]{section.1}{Data}{}% 1
\BOOKMARK [2][-]{subsection.1.1}{Satellite and debris counts, 1957\2042015}{section.1}% 2
\BOOKMARK [2][-]{subsection.1.2}{Aggregate satellite industry returns and costs, 2006\2042015}{section.1}% 3
\BOOKMARK [1][-]{section.2}{Models}{}% 4
\BOOKMARK [2][-]{subsection.2.1}{Orbital mechanics with limited lifespans, missile tests, and certainty}{section.2}% 5
\BOOKMARK [2][-]{subsection.2.2}{Open access orbit use with time-varying aggregate returns and costs}{section.2}% 6
\BOOKMARK [2][-]{subsection.2.3}{Optimal orbit use with time-varying aggregate returns and costs}{section.2}% 7
\BOOKMARK [1][-]{section.3}{Calibration and simulation}{}% 8
\BOOKMARK [2][-]{subsection.3.1}{Physical parameters: deorbit, decay, collisions, and fragments}{section.3}% 9
\BOOKMARK [2][-]{subsection.3.2}{Economic parameters: returns, costs, and discounting}{section.3}% 10
\BOOKMARK [2][-]{subsection.3.3}{Algorithms for open access and optimal policy functions}{section.3}% 11
\BOOKMARK [2][-]{subsection.3.4}{Projected time paths}{section.3}% 12
\BOOKMARK [1][-]{section.4}{Projecting the optimal satellite tax path}{}% 13
\BOOKMARK [1][-]{section.5}{Projecting the effects of active debris removal under open access}{}% 14
\BOOKMARK [1][-]{section.6}{Appendix}{}% 15
\BOOKMARK [2][-]{subsection.6.1}{Measurement error in satellite and debris counts}{section.6}% 16
\BOOKMARK [2][-]{subsection.6.2}{Collision probability model misspecification}{section.6}% 17
\BOOKMARK [2][-]{subsection.6.3}{Measurement error in returns and costs}{section.6}% 18
\BOOKMARK [2][-]{subsection.6.4}{Returns to scale and economic misspecification}{section.6}% 19
\BOOKMARK [2][-]{subsection.6.5}{Projecting the launch constraint}{section.6}% 20
\BOOKMARK [2][-]{subsection.6.6}{Sensitivity analyses of physical equation calibration}{section.6}% 21
\BOOKMARK [2][-]{subsection.6.7}{Derivation of the optimal launch rate}{section.6}% 22
